2019-05-14 21:05:793 INFO  ComputerPage :38 - Click on Computer Button
2019-05-14 21:05:324 INFO  ComputerPage :61 - Get Computer text
2019-05-14 23:05:697 INFO  ComputerPage :34 - Click on Computer Button
2019-05-15 00:05:601 INFO  ComputerPage :34 - Mouse hover on Computer Button
2019-05-15 00:05:449 INFO  ComputerPage :34 - Click on Computer Button
2019-05-15 00:05:04 INFO  ComputerPage :34 - Click on Computer Button
2019-05-15 00:05:367 INFO  HomePage :42 - Click on LoginLink
2019-05-15 11:05:991 INFO  HomePage :46 - Click on Registration Link
2019-05-15 11:05:885 INFO  HomePage :46 - Click on Registration Link
2019-05-15 11:05:303 INFO  HomePage :41 - Click on LoginLink
2019-05-15 11:05:812 INFO  HomePage :45 - Click on Registration Link
2019-05-15 11:05:592 INFO  ComputerPage :34 - Click on Computer Button
2019-05-15 11:05:227 INFO  HomePage :45 - Click on Registration Link
2019-05-15 13:05:275 INFO  ComputerPage :34 - Click on Computer Button
2019-05-15 13:05:427 INFO  ComputerPage :34 - Click on Computer Button
2019-05-15 13:05:284 INFO  ComputerPage :34 - Click on Computer Button
2019-05-15 13:05:344 INFO  ComputerPage :34 - Click on Computer Button
2019-05-15 14:05:533 INFO  ComputerPage :34 - Click on Computer Button
2019-05-15 14:05:797 INFO  ComputerPage :57 - Get Computer text
2019-05-15 14:05:596 INFO  ComputerPage :34 - Click on Computer Button
2019-05-15 14:05:141 INFO  ComputerPage :57 - Get Computer text
2019-05-15 14:05:669 INFO  HomePage :49 - Mouse hover on Computer
2019-05-15 14:05:203 INFO  HomePage :41 - Click on LoginLink
2019-05-15 14:05:156 INFO  HomePage :41 - Click on LoginLink
2019-05-15 14:05:678 INFO  HomePage :41 - Click on LoginLink
2019-05-15 14:05:805 INFO  HomePage :49 - Mouse hover on Computer
2019-05-15 14:05:906 INFO  HomePage :57 - Mouse hover on Books
2019-05-15 14:05:941 INFO  HomePage :49 - Mouse hover on Computer
2019-05-15 14:05:33 INFO  HomePage :57 - Mouse hover on Books
2019-05-15 14:05:293 INFO  HomePage :49 - Mouse hover on Computer
2019-05-15 14:05:388 INFO  HomePage :57 - Mouse hover on Books
2019-05-15 14:05:434 INFO  HomePage :53 - Mouse hover on Electronics
2019-05-15 14:05:479 INFO  HomePage :61 - Mouse hover on Apparel
2019-05-15 14:05:137 INFO  HomePage :45 - Click on Registration Link
2019-05-15 14:05:808 INFO  ComputerPage :25 - Click on Computer Button
2019-05-15 14:05:705 INFO  ComputerPage :30 - Get Computer text
2019-05-15 17:05:250 INFO  ComputerPage :25 - Click on Computer Button
2019-05-15 17:05:716 INFO  ComputerPage :30 - Get Computer text
2019-05-15 17:05:146 INFO  HomePage :49 - Select Z to A
2019-05-15 17:05:273 INFO  HomePage :49 - Select Z to A
2019-05-15 23:05:116 INFO  ComputerPage :25 - Click on Computer Button
2019-05-15 23:05:285 INFO  ComputerPage :30 - Get Computer text
2019-05-15 23:05:319 INFO  HomePage :34 - Mouse hover on Computer Button
2019-05-15 23:05:422 INFO  HomePage :40 - Click on Desktop from dropdown list
2019-05-15 23:05:904 INFO  HomePage :46 - Click on sort by list
2019-05-15 23:05:77 INFO  HomePage :51 - Select visiable text from dropdown list 
2019-05-15 23:05:104 INFO  HomePage :71 - page is scrolling down
2019-05-15 23:05:122 INFO  HomePage :56 - Click on product to get information 
2019-05-15 23:05:856 INFO  HomePage :61 - Click on add to cart Button
2019-05-15 23:05:944 INFO  HomePage :66 - Assert popup text
2019-05-15 23:05:764 INFO  HomePage :49 - Mouse hover on Computer
2019-05-15 23:05:870 INFO  HomePage :57 - Mouse hover on Books
2019-05-15 23:05:913 INFO  HomePage :53 - Mouse hover on Electronics
2019-05-15 23:05:959 INFO  HomePage :61 - Mouse hover on Apparel
2019-05-15 23:05:465 INFO  HomePage :41 - Click on LoginLink
2019-05-15 23:05:903 INFO  HomePage :41 - Click on LoginLink
2019-05-15 23:05:264 INFO  HomePage :41 - Click on LoginLink
2019-05-15 23:05:656 INFO  HomePage :41 - Click on LoginLink
2019-05-15 23:05:386 INFO  ComputerPage :53 - Get text for assert
2019-05-15 23:05:118 INFO  HomePage :41 - Click on LoginLink
2019-05-15 23:05:340 INFO  ComputerPage :32 - Enter text to email filed 
2019-05-15 23:05:534 INFO  ComputerPage :40 - Enter text to password fiels
2019-05-15 23:05:651 INFO  ComputerPage :48 - Click on log in button
2019-05-15 23:05:613 INFO  HomePage :34 - Mouse hover on Computer Button
2019-05-15 23:05:725 INFO  HomePage :40 - Click on Desktop from dropdown list
2019-05-15 23:05:02 INFO  HomePage :46 - Click on sort by list
2019-05-15 23:05:121 INFO  HomePage :51 - Select visiable text from dropdown list 
2019-05-15 23:05:693 INFO  HomePage :71 - page is scrolling down
2019-05-15 23:05:708 INFO  HomePage :56 - Click on product to get information 
2019-05-15 23:05:51 INFO  HomePage :61 - Click on add to cart Button
2019-05-15 23:05:133 INFO  HomePage :66 - Assert popup text
2019-05-15 23:05:480 INFO  HomePage :49 - Mouse hover on Computer
2019-05-15 23:05:566 INFO  HomePage :57 - Mouse hover on Books
2019-05-15 23:05:611 INFO  HomePage :53 - Mouse hover on Electronics
2019-05-15 23:05:659 INFO  HomePage :61 - Mouse hover on Apparel
2019-05-15 23:05:360 INFO  HomePage :41 - Click on LoginLink
2019-05-15 23:05:668 INFO  ComputerPage :53 - Get text for assert
2019-05-15 23:05:101 INFO  HomePage :45 - Click on Registration Link
2019-05-15 23:05:94 INFO  HomePage :132 - display text
2019-05-15 23:05:139 INFO  HomePage :45 - Click on gender
2019-05-15 23:05:267 INFO  HomePage :55 - eEnter text to first name
2019-05-15 23:05:449 INFO  HomePage :62 - Enter text to last name
2019-05-15 23:05:553 INFO  HomePage :69 - Select date from dropdownlist
2019-05-15 23:05:114 INFO  HomePage :77 - Select month from dropdown list
2019-05-15 23:05:867 INFO  HomePage :85 - Select year from dropdownlist
2019-05-15 23:05:634 INFO  HomePage :93 - Enter text to email
2019-05-15 23:05:39 INFO  HomePage :100 - Enter text to company
2019-05-15 23:05:277 INFO  HomePage :107 - Click to news letter
2019-05-15 23:05:360 INFO  HomePage :114 - Enter text to pasword
2019-05-15 23:05:469 INFO  HomePage :121 - Enter text to confirm Password
2019-05-15 23:05:567 INFO  HomePage :128 - Click on register button
2019-05-15 23:05:214 INFO  HomePage :41 - Click on LoginLink
2019-05-15 23:05:99 INFO  HomePage :41 - Click on LoginLink
2019-05-15 23:05:862 INFO  ComputerPage :32 - Enter text to email filed 
2019-05-15 23:05:52 INFO  ComputerPage :40 - Enter text to password fiels
2019-05-15 23:05:176 INFO  ComputerPage :48 - Click on log in button
2019-05-15 23:05:165 INFO  HomePage :34 - Mouse hover on Computer Button
2019-05-15 23:05:265 INFO  HomePage :40 - Click on Desktop from dropdown list
2019-05-15 23:05:164 INFO  HomePage :46 - Click on sort by list
2019-05-15 23:05:296 INFO  HomePage :51 - Select visiable text from dropdown list 
2019-05-15 23:05:313 INFO  HomePage :71 - page is scrolling down
2019-05-15 23:05:327 INFO  HomePage :56 - Click on product to get information 
2019-05-15 23:05:666 INFO  HomePage :61 - Click on add to cart Button
2019-05-15 23:05:747 INFO  HomePage :66 - Assert popup text
2019-05-15 23:05:176 INFO  ComputerPage :25 - Click on Computer Button
2019-05-15 23:05:535 INFO  ComputerPage :30 - Get Computer text
2019-05-15 23:05:142 INFO  HomePage :41 - Click on LoginLink
2019-05-15 23:05:650 INFO  ComputerPage :32 - Enter text to email filed 
2019-05-15 23:05:843 INFO  ComputerPage :40 - Enter text to password fiels
2019-05-15 23:05:959 INFO  ComputerPage :48 - Click on log in button
2019-05-15 23:05:423 INFO  HomePage :45 - Click on Registration Link
2019-05-15 23:05:666 INFO  HomePage :45 - Click on gender
2019-05-15 23:05:787 INFO  HomePage :55 - eEnter text to first name
2019-05-15 23:05:953 INFO  HomePage :62 - Enter text to last name
2019-05-15 23:05:52 INFO  HomePage :69 - Select date from dropdownlist
2019-05-15 23:05:584 INFO  HomePage :77 - Select month from dropdown list
2019-05-15 23:05:275 INFO  HomePage :85 - Select year from dropdownlist
2019-05-15 23:05:785 INFO  HomePage :93 - Enter text to email
2019-05-15 23:05:87 INFO  HomePage :100 - Enter text to company
2019-05-15 23:05:239 INFO  HomePage :107 - Click to news letter
2019-05-15 23:05:327 INFO  HomePage :114 - Enter text to pasword
2019-05-15 23:05:430 INFO  HomePage :121 - Enter text to confirm Password
2019-05-15 23:05:540 INFO  HomePage :128 - Click on register button
2019-05-21 10:05:764 INFO  HomePage :45 - Click on Registration Link
2019-05-21 10:05:358 INFO  HomePage :132 - display text
2019-05-21 10:05:412 INFO  HomePage :45 - Click on gender
2019-05-21 10:05:531 INFO  HomePage :55 - eEnter text to first name
2019-05-21 10:05:763 INFO  HomePage :62 - Enter text to last name
2019-05-21 10:05:863 INFO  HomePage :69 - Select date from dropdownlist
2019-05-21 10:05:686 INFO  HomePage :77 - Select month from dropdown list
2019-05-21 10:05:417 INFO  HomePage :85 - Select year from dropdownlist
2019-05-21 10:05:945 INFO  HomePage :93 - Enter text to email
2019-05-21 10:05:390 INFO  HomePage :100 - Enter text to company
2019-05-21 10:05:593 INFO  HomePage :107 - Click to news letter
2019-05-21 10:05:696 INFO  HomePage :114 - Enter text to pasword
2019-05-21 10:05:860 INFO  HomePage :121 - Enter text to confirm Password
2019-05-21 10:05:986 INFO  HomePage :128 - Click on register button
2019-05-22 13:05:655 INFO  HomePage :45 - Click on Registration Link
2019-05-22 13:05:63 INFO  HomePage :132 - display text
2019-05-22 13:05:115 INFO  HomePage :45 - Click on gender
2019-05-22 13:05:232 INFO  HomePage :55 - eEnter text to first name
2019-05-22 13:05:446 INFO  HomePage :62 - Enter text to last name
2019-05-22 13:05:550 INFO  HomePage :69 - Select date from dropdownlist
2019-05-22 13:05:109 INFO  HomePage :77 - Select month from dropdown list
2019-05-22 13:05:826 INFO  HomePage :85 - Select year from dropdownlist
2019-05-22 13:05:579 INFO  HomePage :93 - Enter text to email
2019-05-22 13:05:986 INFO  HomePage :100 - Enter text to company
2019-05-22 13:05:290 INFO  HomePage :107 - Click to news letter
2019-05-22 13:05:398 INFO  HomePage :114 - Enter text to pasword
2019-05-22 13:05:538 INFO  HomePage :121 - Enter text to confirm Password
2019-05-22 13:05:658 INFO  HomePage :128 - Click on register button
2019-05-22 13:05:506 INFO  HomePage :45 - Click on Registration Link
2019-05-22 13:05:826 INFO  HomePage :132 - display text
2019-05-22 13:05:875 INFO  HomePage :45 - Click on gender
2019-05-22 13:05:996 INFO  HomePage :55 - eEnter text to first name
2019-05-22 13:05:207 INFO  HomePage :62 - Enter text to last name
2019-05-22 13:05:312 INFO  HomePage :69 - Select date from dropdownlist
2019-05-22 13:05:861 INFO  HomePage :77 - Select month from dropdown list
2019-05-22 13:05:579 INFO  HomePage :85 - Select year from dropdownlist
2019-05-22 13:05:347 INFO  HomePage :93 - Enter text to email
2019-05-22 13:05:756 INFO  HomePage :100 - Enter text to company
2019-05-22 13:05:925 INFO  HomePage :107 - Click to news letter
2019-05-22 13:05:11 INFO  HomePage :114 - Enter text to pasword
2019-05-22 13:05:125 INFO  HomePage :121 - Enter text to confirm Password
2019-05-22 13:05:231 INFO  HomePage :128 - Click on register button
2019-05-22 13:05:477 INFO  HomePage :41 - Click on LoginLink
2019-05-22 13:05:965 INFO  ComputerPage :32 - Enter text to email filed 
2019-05-22 13:05:176 INFO  ComputerPage :40 - Enter text to password fiels
2019-05-22 13:05:293 INFO  ComputerPage :48 - Click on log in button
2019-05-22 13:05:89 INFO  HomePage :41 - Click on LoginLink
2019-05-22 13:05:297 INFO  ComputerPage :32 - Enter text to email filed 
2019-05-22 13:05:701 INFO  ComputerPage :40 - Enter text to password fiels
2019-05-22 13:05:857 INFO  ComputerPage :48 - Click on log in button
2019-05-22 14:05:272 INFO  HomePage :41 - Click on LoginLink
2019-05-22 14:05:866 INFO  ComputerPage :32 - Enter text to email filed 
2019-05-22 14:05:113 INFO  ComputerPage :40 - Enter text to password fiels
2019-05-22 14:05:249 INFO  ComputerPage :48 - Click on log in button
2019-05-22 14:05:223 INFO  HomePage :41 - Click on LoginLink
2019-05-22 14:05:54 INFO  ComputerPage :32 - Enter text to email filed 
2019-05-22 14:05:319 INFO  ComputerPage :40 - Enter text to password fiels
2019-05-22 14:05:456 INFO  ComputerPage :48 - Click on log in button
2019-05-28 12:05:535 INFO  HomePage :41 - Click on LoginLink
2019-05-28 12:05:551 INFO  ComputerPage :32 - Enter text to email filed 
2019-05-28 12:05:774 INFO  ComputerPage :40 - Enter text to password fiels
2019-05-28 12:05:909 INFO  ComputerPage :48 - Click on log in button
2019-06-11 09:06:340 INFO  HomePage :45 - Click on Registration Link
2019-06-11 09:06:96 INFO  HomePage :132 - display text
2019-06-11 09:06:144 INFO  HomePage :45 - Click on gender
2019-06-11 09:06:260 INFO  HomePage :55 - eEnter text to first name
2019-06-11 09:06:472 INFO  HomePage :62 - Enter text to last name
2019-06-11 09:06:577 INFO  HomePage :69 - Select date from dropdownlist
2019-06-11 09:06:156 INFO  HomePage :77 - Select month from dropdown list
2019-06-11 09:06:644 INFO  HomePage :85 - Select year from dropdownlist
2019-06-11 09:06:398 INFO  HomePage :93 - Enter text to email
2019-06-11 09:06:937 INFO  HomePage :100 - Enter text to company
2019-06-11 09:06:138 INFO  HomePage :107 - Click to news letter
2019-06-11 09:06:251 INFO  HomePage :114 - Enter text to pasword
2019-06-11 09:06:382 INFO  HomePage :121 - Enter text to confirm Password
2019-06-11 09:06:526 INFO  HomePage :128 - Click on register button
2019-11-18 22:11:215 INFO  HomePage :41 - Click on LoginLink
2019-11-18 22:11:865 INFO  ComputerPage :32 - Enter text to email filed 
2019-11-18 22:11:351 INFO  ComputerPage :40 - Enter text to password fiels
2019-11-18 22:11:639 INFO  ComputerPage :48 - Click on log in button
2019-11-18 22:11:652 INFO  HomePage :41 - Click on LoginLink
2019-11-18 22:11:340 INFO  ComputerPage :32 - Enter text to email filed 
2019-11-18 22:11:751 INFO  ComputerPage :40 - Enter text to password fiels
2019-11-18 22:11:982 INFO  ComputerPage :48 - Click on log in button
2019-11-18 22:11:28 INFO  HomePage :41 - Click on LoginLink
2019-11-18 22:11:657 INFO  ComputerPage :32 - Enter text to email filed 
2019-11-18 22:11:84 INFO  ComputerPage :40 - Enter text to password fiels
2019-11-18 22:11:381 INFO  ComputerPage :48 - Click on log in button
2019-11-18 22:11:715 INFO  HomePage :41 - Click on LoginLink
2019-11-18 22:11:105 INFO  ComputerPage :32 - Enter text to email filed 
2019-11-18 22:11:380 INFO  ComputerPage :40 - Enter text to password fiels
2019-11-18 22:11:688 INFO  ComputerPage :48 - Click on log in button
2019-11-18 22:11:569 INFO  HomePage :45 - Click on Registration Link
2019-11-18 22:11:49 INFO  HomePage :132 - display text
2019-11-18 22:11:115 INFO  HomePage :45 - Click on gender
2019-11-18 22:11:255 INFO  HomePage :55 - eEnter text to first name
2019-11-18 22:11:517 INFO  HomePage :62 - Enter text to last name
2019-11-18 22:11:661 INFO  HomePage :69 - Select date from dropdownlist
2019-11-18 22:11:351 INFO  HomePage :77 - Select month from dropdown list
2019-11-18 22:11:137 INFO  HomePage :85 - Select year from dropdownlist
2019-11-18 22:11:922 INFO  HomePage :93 - Enter text to email
2019-11-18 22:11:471 INFO  HomePage :100 - Enter text to company
2019-11-18 22:11:866 INFO  HomePage :107 - Click to news letter
2019-11-18 22:11:992 INFO  HomePage :114 - Enter text to pasword
2019-11-18 22:11:306 INFO  HomePage :121 - Enter text to confirm Password
2019-11-18 22:11:501 INFO  HomePage :128 - Click on register button
2019-11-18 22:11:820 INFO  HomePage :45 - Click on Registration Link
2019-11-18 22:11:171 INFO  HomePage :132 - display text
2019-11-18 22:11:214 INFO  HomePage :45 - Click on gender
2019-11-18 22:11:366 INFO  HomePage :55 - eEnter text to first name
2019-11-18 22:11:626 INFO  HomePage :62 - Enter text to last name
2019-11-18 22:11:762 INFO  HomePage :69 - Select date from dropdownlist
2019-11-18 22:11:388 INFO  HomePage :77 - Select month from dropdown list
2019-11-18 22:11:141 INFO  HomePage :85 - Select year from dropdownlist
2019-11-18 22:11:912 INFO  HomePage :93 - Enter text to email
2019-11-18 22:11:400 INFO  HomePage :100 - Enter text to company
2019-11-18 22:11:620 INFO  HomePage :107 - Click to news letter
2019-11-18 22:11:714 INFO  HomePage :114 - Enter text to pasword
2019-11-18 22:11:866 INFO  HomePage :121 - Enter text to confirm Password
2019-11-18 22:11:02 INFO  HomePage :128 - Click on register button
